#
# There is insufficient memory for the Java Runtime Environment to continue.
# Native memory allocation (malloc) failed to allocate 587120 bytes for Chunk::new
# Possible reasons:
#   The system is out of physical RAM or swap space
#   The process is running with CompressedOops enabled, and the Java Heap may be blocking the growth of the native heap
# Possible solutions:
#   Reduce memory load on the system
#   Increase physical memory or swap space
#   Check if swap backing store is full
#   Decrease Java heap size (-Xmx/-Xms)
#   Decrease number of Java threads
#   Decrease Java thread stack sizes (-Xss)
#   Set larger code cache with -XX:ReservedCodeCacheSize=
#   JVM is running with Unscaled Compressed Oops mode in which the Java heap is
#     placed in the first 4GB address space. The Java Heap base address is the
#     maximum limit for the native heap growth. Please use -XX:HeapBaseMinAddress
#     to set the Java Heap base and to place the Java Heap above 4GB virtual address.
# This output file may be truncated or incomplete.
#
#  Out of Memory Error (allocation.cpp:389), pid=9220, tid=0x00000000000046cc
#
# JRE version: OpenJDK Runtime Environment (8.0_202-b03) (build 1.8.0_202-release-1483-b03)
# Java VM: OpenJDK 64-Bit Server VM (25.202-b03 mixed mode windows-amd64 compressed oops)
# Failed to write core dump. Minidumps are not enabled by default on client versions of Windows
#

---------------  T H R E A D  ---------------

Current thread (0x00000000187ff000):  JavaThread "C2 CompilerThread2" daemon [_thread_in_native, id=18124, stack(0x00000000192c0000,0x00000000193c0000)]

Stack: [0x00000000192c0000,0x00000000193c0000]
[error occurred during error reporting (printing stack bounds), id 0xc0000005]

Native frames: (J=compiled Java code, j=interpreted, Vv=VM code, C=native code)


Current CompileTask:
C2:   8219 8131       4       java.util.EnumSet::noneOf (63 bytes)


---------------  P R O C E S S  ---------------

Java Threads: ( => current thread )
  0x000000001d7e1800 JavaThread "Cache worker for Java compile cache (C:\Users\Marcelo\AndroidStudioProjects\VoiceActivated3DPrinter\.gradle\5.4.1\javaCompile)" [_thread_blocked, id=7536, stack(0x00000000258e0000,0x00000000259e0000)]
  0x000000001d7e1000 JavaThread "Cache worker for Java compile cache (C:\Users\Marcelo\.gradle\caches\5.4.1\javaCompile)" [_thread_blocked, id=11280, stack(0x00000000257e0000,0x00000000258e0000)]
  0x000000001d7e7000 JavaThread "Cache worker for execution history cache (C:\Users\Marcelo\AndroidStudioProjects\VoiceActivated3DPrinter\.gradle\5.4.1\executionHistory)" [_thread_blocked, id=15316, stack(0x00000000254e0000,0x00000000255e0000)]
  0x000000001d7d8800 JavaThread "Execution worker for ':' Thread 7" [_thread_blocked, id=12668, stack(0x00000000253e0000,0x00000000254e0000)]
  0x000000001d7df800 JavaThread "Execution worker for ':' Thread 6" [_thread_blocked, id=14140, stack(0x00000000252e0000,0x00000000253e0000)]
  0x000000001d7de800 JavaThread "Execution worker for ':' Thread 5" [_thread_blocked, id=17644, stack(0x00000000251e0000,0x00000000252e0000)]
  0x000000001d7de000 JavaThread "Execution worker for ':' Thread 4" [_thread_blocked, id=6784, stack(0x00000000250e0000,0x00000000251e0000)]
  0x000000001d7da000 JavaThread "Execution worker for ':' Thread 3" [_thread_blocked, id=15088, stack(0x0000000024fe0000,0x00000000250e0000)]
  0x000000001d7dc800 JavaThread "Execution worker for ':' Thread 2" [_thread_blocked, id=13128, stack(0x0000000024ee0000,0x0000000024fe0000)]
  0x000000001d7d9800 JavaThread "Execution worker for ':'" [_thread_in_native, id=12916, stack(0x0000000024de0000,0x0000000024ee0000)]
  0x000000001d7dd000 JavaThread "Cache worker for file content cache (C:\Users\Marcelo\AndroidStudioProjects\VoiceActivated3DPrinter\.gradle\5.4.1\fileContent)" [_thread_blocked, id=13624, stack(0x0000000023610000,0x0000000023710000)]
  0x000000001d7db000 JavaThread "Cache worker for file content cache (C:\Users\Marcelo\.gradle\caches\5.4.1\fileContent)" [_thread_blocked, id=17504, stack(0x0000000023290000,0x0000000023390000)]
  0x000000001d7db800 JavaThread "Memory manager" [_thread_blocked, id=9192, stack(0x0000000023190000,0x0000000023290000)]
  0x000000001eea0000 JavaThread "Cache worker for Build Output Cleanup Cache (C:\Users\Marcelo\AndroidStudioProjects\VoiceActivated3DPrinter\.gradle\buildOutputCleanup)" [_thread_blocked, id=3840, stack(0x0000000022890000,0x0000000022990000)]
  0x000000001eea5800 JavaThread "pool-1-thread-1" [_thread_blocked, id=1344, stack(0x0000000021950000,0x0000000021a50000)]
  0x000000001eea4000 JavaThread "Build operations Thread 8" [_thread_blocked, id=18980, stack(0x0000000022190000,0x0000000022290000)]
  0x000000001eea3000 JavaThread "Build operations Thread 7" [_thread_blocked, id=8516, stack(0x0000000022090000,0x0000000022190000)]
  0x000000001eea6000 JavaThread "Build operations Thread 6" [_thread_blocked, id=18944, stack(0x0000000021f90000,0x0000000022090000)]
  0x000000001eea1800 JavaThread "Build operations Thread 5" [_thread_blocked, id=10088, stack(0x0000000021e90000,0x0000000021f90000)]
  0x000000001ee9e800 JavaThread "Build operations Thread 4" [_thread_blocked, id=18380, stack(0x0000000021d90000,0x0000000021e90000)]
  0x000000001eea2000 JavaThread "Build operations Thread 3" [_thread_blocked, id=14636, stack(0x0000000021c90000,0x0000000021d90000)]
  0x000000001eea0800 JavaThread "Build operations Thread 2" [_thread_blocked, id=2916, stack(0x0000000021b90000,0x0000000021c90000)]
  0x000000001ee9b800 JavaThread "Build operations" [_thread_blocked, id=3436, stack(0x0000000021a90000,0x0000000021b90000)]
  0x000000001ee9c000 JavaThread "Cache worker for execution history cache (C:\Users\Marcelo\.gradle\caches\5.4.1\executionHistory)" [_thread_blocked, id=11796, stack(0x0000000020680000,0x0000000020780000)]
  0x000000001ee9d800 JavaThread "Cache worker for cache directory md-rule (C:\Users\Marcelo\.gradle\caches\5.4.1\md-rule)" [_thread_blocked, id=3656, stack(0x0000000020580000,0x0000000020680000)]
  0x000000001ee9f000 JavaThread "Cache worker for cache directory md-supplier (C:\Users\Marcelo\.gradle\caches\5.4.1\md-supplier)" [_thread_blocked, id=5908, stack(0x0000000020280000,0x0000000020380000)]
  0x0000000019e15000 JavaThread "Cache worker for file hash cache (C:\Users\Marcelo\AndroidStudioProjects\VoiceActivated3DPrinter\.gradle\5.4.1\fileHashes)" [_thread_blocked, id=11404, stack(0x000000001f780000,0x000000001f880000)]
  0x0000000019e19000 JavaThread "Cache worker for journal cache (C:\Users\Marcelo\.gradle\caches\journal-1)" [_thread_blocked, id=13324, stack(0x000000001c310000,0x000000001c410000)]
  0x0000000019e17800 JavaThread "File lock request listener" [_thread_in_native, id=19084, stack(0x000000001c210000,0x000000001c310000)]
  0x000000001ad1a800 JavaThread "Cache worker for file hash cache (C:\Users\Marcelo\.gradle\caches\5.4.1\fileHashes)" [_thread_blocked, id=14768, stack(0x000000001c110000,0x000000001c210000)]
  0x000000001ab78000 JavaThread "Thread-9" [_thread_blocked, id=16856, stack(0x000000001c010000,0x000000001c110000)]
  0x000000001aa1d800 JavaThread "Stdin handler" [_thread_blocked, id=3660, stack(0x000000001bf10000,0x000000001c010000)]
  0x000000001aa1c800 JavaThread "Asynchronous log dispatcher for DefaultDaemonConnection: socket connection from /127.0.0.1:62657 to /127.0.0.1:62658" [_thread_blocked, id=16976, stack(0x000000001be10000,0x000000001bf10000)]
  0x000000001aa1a000 JavaThread "Daemon worker" [_thread_blocked, id=14248, stack(0x000000001bd10000,0x000000001be10000)]
  0x000000001aa19000 JavaThread "Cancel handler" [_thread_blocked, id=4940, stack(0x000000001bc10000,0x000000001bd10000)]
  0x000000001aa01000 JavaThread "Handler for socket connection from /127.0.0.1:62657 to /127.0.0.1:62658" [_thread_in_native, id=3612, stack(0x000000001b910000,0x000000001ba10000)]
  0x000000001a9f6000 JavaThread "Daemon" [_thread_blocked, id=17264, stack(0x000000001b810000,0x000000001b910000)]
  0x000000001a9dd000 JavaThread "Daemon periodic checks" [_thread_blocked, id=996, stack(0x000000001b710000,0x000000001b810000)]
  0x000000001a9ce800 JavaThread "Incoming local TCP Connector on port 62657" [_thread_in_native, id=8112, stack(0x000000001b4d0000,0x000000001b5d0000)]
  0x000000001a44f800 JavaThread "Daemon health stats" [_thread_blocked, id=7760, stack(0x000000001ae90000,0x000000001af90000)]
  0x0000000018861800 JavaThread "Service Thread" daemon [_thread_blocked, id=1820, stack(0x00000000194c0000,0x00000000195c0000)]
  0x000000001881b000 JavaThread "C1 CompilerThread3" daemon [_thread_blocked, id=10940, stack(0x00000000193c0000,0x00000000194c0000)]
=>0x00000000187ff000 JavaThread "C2 CompilerThread2" daemon [_thread_in_native, id=18124, stack(0x00000000192c0000,0x00000000193c0000)]
  0x00000000187f1000 JavaThread "C2 CompilerThread1" daemon [_thread_in_native, id=11524, stack(0x00000000191c0000,0x00000000192c0000)]
  0x00000000187ee000 JavaThread "C2 CompilerThread0" daemon [_thread_blocked, id=5712, stack(0x00000000190c0000,0x00000000191c0000)]
  0x00000000187ed000 JavaThread "Attach Listener" daemon [_thread_blocked, id=12952, stack(0x0000000018fc0000,0x00000000190c0000)]
  0x00000000187f6800 JavaThread "Signal Dispatcher" daemon [_thread_blocked, id=14368, stack(0x0000000018ec0000,0x0000000018fc0000)]
  0x0000000002c3d800 JavaThread "Finalizer" daemon [_thread_blocked, id=7932, stack(0x0000000018cc0000,0x0000000018dc0000)]
  0x0000000002c35800 JavaThread "Reference Handler" daemon [_thread_blocked, id=10176, stack(0x0000000018bc0000,0x0000000018cc0000)]
  0x0000000002b3e800 JavaThread "main" [_thread_blocked, id=18968, stack(0x00000000029c0000,0x0000000002ac0000)]

Other Threads:
  0x00000000169f7800 VMThread [stack: 0x00000000186c0000,0x00000000187c0000] [id=13176]
  0x0000000018862800 WatcherThread [stack: 0x00000000195c0000,0x00000000196c0000] [id=6272]

VM state:not at safepoint (normal execution)

VM Mutex/Monitor currently owned by a thread: None

heap address: 0x00000000a0000000, size: 1536 MB, Compressed Oops mode: 32-bit
Narrow klass base: 0x0000000000000000, Narrow klass shift: 3
Compressed class space size: 1073741824 Address: 0x0000000100000000

Heap:
 PSYoungGen      total 205312K, used 67316K [0x00000000e0000000, 0x00000000ee180000, 0x0000000100000000)
  eden space 184320K, 25% used [0x00000000e0000000,0x00000000e2d41af8,0x00000000eb400000)
  from space 20992K, 99% used [0x00000000eb400000,0x00000000ec87b680,0x00000000ec880000)
  to   space 16896K, 0% used [0x00000000ec880000,0x00000000ec880000,0x00000000ed900000)
 ParOldGen       total 184320K, used 36907K [0x00000000a0000000, 0x00000000ab400000, 0x00000000e0000000)
  object space 184320K, 20% used [0x00000000a0000000,0x00000000a240ad18,0x00000000ab400000)
 Metaspace       used 65772K, capacity 68018K, committed 68264K, reserved 1107968K
  class space    used 8843K, capacity 9344K, committed 9384K, reserved 1048576K

Card table byte_map: [0x0000000012000000,0x0000000012310000] byte_map_base: 0x0000000011b00000

Marking Bits: (ParMarkBitMap*) 0x000000005f039f30
 Begin Bits: [0x0000000012d10000, 0x0000000014510000)
 End Bits:   [0x0000000014510000, 0x0000000015d10000)

Polling page: 0x00000000010e0000

CodeCache: size=245760Kb used=23849Kb max_used=23855Kb free=221910Kb
 bounds [0x0000000002c40000, 0x00000000043b0000, 0x0000000011c40000]
 total_blobs=8316 nmethods=7505 adapters=725
 compilation: enabled

Compilation events (10 events):
Event: 8.210 Thread 0x000000001881b000 8314       3       com.sun.tools.javac.jvm.Code::curCP (33 bytes)
Event: 8.210 Thread 0x000000001881b000 nmethod 8314 0x0000000004394510 code [0x00000000043946a0, 0x00000000043949b8]
Event: 8.212 Thread 0x000000001881b000 8315       1       com.sun.tools.javac.util.ByteBuffer::reset (6 bytes)
Event: 8.212 Thread 0x000000001881b000 nmethod 8315 0x00000000043941d0 code [0x0000000004394320, 0x0000000004394430]
Event: 8.212 Thread 0x00000000187ee000 8316       4       com.sun.tools.javac.util.Assert::checkNonNull (9 bytes)
Event: 8.213 Thread 0x00000000187ee000 nmethod 8316 0x0000000003863390 code [0x00000000038634c0, 0x0000000003863518]
Event: 8.213 Thread 0x000000001881b000 8317   !   3       com.sun.tools.javac.jvm.Gen::genDef (58 bytes)
Event: 8.214 Thread 0x000000001881b000 nmethod 8317 0x000000000439cc90 code [0x000000000439ce20, 0x000000000439d2b8]
Event: 8.217 Thread 0x00000000187ee000 8318       4       com.sun.tools.javac.jvm.Code::typecode (141 bytes)
Event: 8.218 Thread 0x00000000187ee000 nmethod 8318 0x000000000439c310 code [0x000000000439c500, 0x000000000439c5f8]

GC Heap History (10 events):
Event: 3.505 GC heap before
{Heap before GC invocations=8 (full 2):
 PSYoungGen      total 154112K, used 8742K [0x00000000e0000000, 0x00000000eda00000, 0x0000000100000000)
  eden space 140800K, 0% used [0x00000000e0000000,0x00000000e0000000,0x00000000e8980000)
  from space 13312K, 65% used [0x00000000e9600000,0x00000000e9e898f8,0x00000000ea300000)
  to   space 12800K, 0% used [0x00000000e8980000,0x00000000e8980000,0x00000000e9600000)
 ParOldGen       total 113664K, used 11314K [0x00000000a0000000, 0x00000000a6f00000, 0x00000000e0000000)
  object space 113664K, 9% used [0x00000000a0000000,0x00000000a0b0caf8,0x00000000a6f00000)
 Metaspace       used 34686K, capacity 35416K, committed 35496K, reserved 1079296K
  class space    used 4787K, capacity 5005K, committed 5032K, reserved 1048576K
Event: 3.573 GC heap after
Heap after GC invocations=8 (full 2):
 PSYoungGen      total 154112K, used 0K [0x00000000e0000000, 0x00000000eda00000, 0x0000000100000000)
  eden space 140800K, 0% used [0x00000000e0000000,0x00000000e0000000,0x00000000e8980000)
  from space 13312K, 0% used [0x00000000e9600000,0x00000000e9600000,0x00000000ea300000)
  to   space 12800K, 0% used [0x00000000e8980000,0x00000000e8980000,0x00000000e9600000)
 ParOldGen       total 184320K, used 15586K [0x00000000a0000000, 0x00000000ab400000, 0x00000000e0000000)
  object space 184320K, 8% used [0x00000000a0000000,0x00000000a0f38ae8,0x00000000ab400000)
 Metaspace       used 34659K, capacity 35326K, committed 35496K, reserved 1079296K
  class space    used 4779K, capacity 4990K, committed 5032K, reserved 1048576K
}
Event: 4.751 GC heap before
{Heap before GC invocations=9 (full 2):
 PSYoungGen      total 154112K, used 140800K [0x00000000e0000000, 0x00000000eda00000, 0x0000000100000000)
  eden space 140800K, 100% used [0x00000000e0000000,0x00000000e8980000,0x00000000e8980000)
  from space 13312K, 0% used [0x00000000e9600000,0x00000000e9600000,0x00000000ea300000)
  to   space 12800K, 0% used [0x00000000e8980000,0x00000000e8980000,0x00000000e9600000)
 ParOldGen       total 184320K, used 15586K [0x00000000a0000000, 0x00000000ab400000, 0x00000000e0000000)
  object space 184320K, 8% used [0x00000000a0000000,0x00000000a0f38ae8,0x00000000ab400000)
 Metaspace       used 48468K, capacity 49666K, committed 49960K, reserved 1091584K
  class space    used 6557K, capacity 6880K, committed 6952K, reserved 1048576K
Event: 4.765 GC heap after
Heap after GC invocations=9 (full 2):
 PSYoungGen      total 153600K, used 12792K [0x00000000e0000000, 0x00000000ed900000, 0x0000000100000000)
  eden space 140800K, 0% used [0x00000000e0000000,0x00000000e0000000,0x00000000e8980000)
  from space 12800K, 99% used [0x00000000e8980000,0x00000000e95fe010,0x00000000e9600000)
  to   space 16896K, 0% used [0x00000000ec880000,0x00000000ec880000,0x00000000ed900000)
 ParOldGen       total 184320K, used 21068K [0x00000000a0000000, 0x00000000ab400000, 0x00000000e0000000)
  object space 184320K, 11% used [0x00000000a0000000,0x00000000a14930c8,0x00000000ab400000)
 Metaspace       used 48468K, capacity 49666K, committed 49960K, reserved 1091584K
  class space    used 6557K, capacity 6880K, committed 6952K, reserved 1048576K
}
Event: 5.835 GC heap before
{Heap before GC invocations=10 (full 2):
 PSYoungGen      total 153600K, used 134305K [0x00000000e0000000, 0x00000000ed900000, 0x0000000100000000)
  eden space 140800K, 86% used [0x00000000e0000000,0x00000000e76aa608,0x00000000e8980000)
  from space 12800K, 99% used [0x00000000e8980000,0x00000000e95fe010,0x00000000e9600000)
  to   space 16896K, 0% used [0x00000000ec880000,0x00000000ec880000,0x00000000ed900000)
 ParOldGen       total 184320K, used 21068K [0x00000000a0000000, 0x00000000ab400000, 0x00000000e0000000)
  object space 184320K, 11% used [0x00000000a0000000,0x00000000a14930c8,0x00000000ab400000)
 Metaspace       used 57531K, capacity 59122K, committed 59160K, reserved 1099776K
  class space    used 7807K, capacity 8196K, committed 8232K, reserved 1048576K
Event: 5.852 GC heap after
Heap after GC invocations=10 (full 2):
 PSYoungGen      total 201216K, used 16878K [0x00000000e0000000, 0x00000000ee180000, 0x0000000100000000)
  eden space 184320K, 0% used [0x00000000e0000000,0x00000000e0000000,0x00000000eb400000)
  from space 16896K, 99% used [0x00000000ec880000,0x00000000ed8fbb98,0x00000000ed900000)
  to   space 20992K, 0% used [0x00000000eb400000,0x00000000eb400000,0x00000000ec880000)
 ParOldGen       total 184320K, used 25488K [0x00000000a0000000, 0x00000000ab400000, 0x00000000e0000000)
  object space 184320K, 13% used [0x00000000a0000000,0x00000000a18e43a8,0x00000000ab400000)
 Metaspace       used 57531K, capacity 59122K, committed 59160K, reserved 1099776K
  class space    used 7807K, capacity 8196K, committed 8232K, reserved 1048576K
}
Event: 5.852 GC heap before
{Heap before GC invocations=11 (full 3):
 PSYoungGen      total 201216K, used 16878K [0x00000000e0000000, 0x00000000ee180000, 0x0000000100000000)
  eden space 184320K, 0% used [0x00000000e0000000,0x00000000e0000000,0x00000000eb400000)
  from space 16896K, 99% used [0x00000000ec880000,0x00000000ed8fbb98,0x00000000ed900000)
  to   space 20992K, 0% used [0x00000000eb400000,0x00000000eb400000,0x00000000ec880000)
 ParOldGen       total 184320K, used 25488K [0x00000000a0000000, 0x00000000ab400000, 0x00000000e0000000)
  object space 184320K, 13% used [0x00000000a0000000,0x00000000a18e43a8,0x00000000ab400000)
 Metaspace       used 57531K, capacity 59122K, committed 59160K, reserved 1099776K
  class space    used 7807K, capacity 8196K, committed 8232K, reserved 1048576K
Event: 6.033 GC heap after
Heap after GC invocations=11 (full 3):
 PSYoungGen      total 201216K, used 0K [0x00000000e0000000, 0x00000000ee180000, 0x0000000100000000)
  eden space 184320K, 0% used [0x00000000e0000000,0x00000000e0000000,0x00000000eb400000)
  from space 16896K, 0% used [0x00000000ec880000,0x00000000ec880000,0x00000000ed900000)
  to   space 20992K, 0% used [0x00000000eb400000,0x00000000eb400000,0x00000000ec880000)
 ParOldGen       total 184320K, used 35275K [0x00000000a0000000, 0x00000000ab400000, 0x00000000e0000000)
  object space 184320K, 19% used [0x00000000a0000000,0x00000000a2272da0,0x00000000ab400000)
 Metaspace       used 57531K, capacity 59122K, committed 59160K, reserved 1099776K
  class space    used 7807K, capacity 8196K, committed 8232K, reserved 1048576K
}
Event: 7.614 GC heap before
{Heap before GC invocations=12 (full 3):
 PSYoungGen      total 201216K, used 180751K [0x00000000e0000000, 0x00000000ee180000, 0x0000000100000000)
  eden space 184320K, 98% used [0x00000000e0000000,0x00000000eb083f40,0x00000000eb400000)
  from space 16896K, 0% used [0x00000000ec880000,0x00000000ec880000,0x00000000ed900000)
  to   space 20992K, 0% used [0x00000000eb400000,0x00000000eb400000,0x00000000ec880000)
 ParOldGen       total 184320K, used 35275K [0x00000000a0000000, 0x00000000ab400000, 0x00000000e0000000)
  object space 184320K, 19% used [0x00000000a0000000,0x00000000a2272da0,0x00000000ab400000)
 Metaspace       used 64417K, capacity 66642K, committed 66856K, reserved 1107968K
  class space    used 8739K, capacity 9248K, committed 9256K, reserved 1048576K
Event: 7.631 GC heap after
Heap after GC invocations=12 (full 3):
 PSYoungGen      total 205312K, used 20973K [0x00000000e0000000, 0x00000000ee180000, 0x0000000100000000)
  eden space 184320K, 0% used [0x00000000e0000000,0x00000000e0000000,0x00000000eb400000)
  from space 20992K, 99% used [0x00000000eb400000,0x00000000ec87b680,0x00000000ec880000)
  to   space 16896K, 0% used [0x00000000ec880000,0x00000000ec880000,0x00000000ed900000)
 ParOldGen       total 184320K, used 36907K [0x00000000a0000000, 0x00000000ab400000, 0x00000000e0000000)
  object space 184320K, 20% used [0x00000000a0000000,0x00000000a240ad18,0x00000000ab400000)
 Metaspace       used 64417K, capacity 66642K, committed 66856K, reserved 1107968K
  class space    used 8739K, capacity 9248K, committed 9256K, reserved 1048576K
}

Deoptimization events (10 events):
Event: 7.946 Thread 0x000000001d7d9800 Uncommon trap: reason=class_check action=maybe_recompile pc=0x000000000417bf0c method=com.sun.tools.javac.comp.MemberEnter.annotateLater(Lcom/sun/tools/javac/util/List;Lcom/sun/tools/javac/comp/Env;Lcom/sun/tools/javac/code/Symbol;Lcom/sun/tools/javac/uti
Event: 7.946 Thread 0x000000001d7d9800 Uncommon trap: reason=class_check action=maybe_recompile pc=0x000000000417bf0c method=com.sun.tools.javac.comp.MemberEnter.annotateLater(Lcom/sun/tools/javac/util/List;Lcom/sun/tools/javac/comp/Env;Lcom/sun/tools/javac/code/Symbol;Lcom/sun/tools/javac/uti
Event: 7.947 Thread 0x000000001d7d9800 Uncommon trap: reason=class_check action=maybe_recompile pc=0x00000000041fa46c method=com.sun.tools.javac.code.Types$18.visitClassType(Lcom/sun/tools/javac/code/Type$ClassType;Ljava/lang/Void;)Lcom/sun/tools/javac/code/Type; @ 19
Event: 7.948 Thread 0x000000001d7d9800 Uncommon trap: reason=class_check action=maybe_recompile pc=0x00000000041fa46c method=com.sun.tools.javac.code.Types$18.visitClassType(Lcom/sun/tools/javac/code/Type$ClassType;Ljava/lang/Void;)Lcom/sun/tools/javac/code/Type; @ 19
Event: 7.949 Thread 0x000000001d7d9800 Uncommon trap: reason=class_check action=maybe_recompile pc=0x00000000041fa46c method=com.sun.tools.javac.code.Types$18.visitClassType(Lcom/sun/tools/javac/code/Type$ClassType;Ljava/lang/Void;)Lcom/sun/tools/javac/code/Type; @ 19
Event: 7.961 Thread 0x000000001d7d9800 Uncommon trap: reason=class_check action=maybe_recompile pc=0x00000000042178a8 method=com.sun.tools.javac.code.Types.rank(Lcom/sun/tools/javac/code/Type;)I @ 131
Event: 7.961 Thread 0x000000001d7d9800 Uncommon trap: reason=class_check action=maybe_recompile pc=0x0000000004216e38 method=com.sun.tools.javac.code.Types.rank(Lcom/sun/tools/javac/code/Type;)I @ 1
Event: 7.961 Thread 0x000000001d7d9800 Uncommon trap: reason=class_check action=maybe_recompile pc=0x0000000004216e38 method=com.sun.tools.javac.code.Types.rank(Lcom/sun/tools/javac/code/Type;)I @ 1
Event: 7.961 Thread 0x000000001d7d9800 Uncommon trap: reason=class_check action=maybe_recompile pc=0x00000000042178a8 method=com.sun.tools.javac.code.Types.rank(Lcom/sun/tools/javac/code/Type;)I @ 131
Event: 7.974 Thread 0x000000001d7d9800 Uncommon trap: reason=unstable_if action=reinterpret pc=0x0000000003736e54 method=com.sun.tools.javac.code.Scope.enter(Lcom/sun/tools/javac/code/Symbol;Lcom/sun/tools/javac/code/Scope;Lcom/sun/tools/javac/code/Scope;Z)V @ 116

Classes redefined (0 events):
No events

Internal exceptions (10 events):
Event: 5.312 Thread 0x000000001aa1a000 Exception <a 'java/lang/ClassNotFoundException': com/sun/org/glassfish/hk2/osgiresourcelocator/ServiceLoader> (0x00000000e3eaa728) thrown at [D:\src\AOSP-openjdk-cygwin\jdk8u\hotspot\src\share\vm\classfile\systemDictionary.cpp, line 210]
Event: 5.341 Thread 0x000000001aa1a000 Exception <a 'java/lang/NullPointerException'> (0x00000000e43768d8) thrown at [D:\src\AOSP-openjdk-cygwin\jdk8u\hotspot\src\share\vm\interpreter\linkResolver.cpp, line 1287]
Event: 6.443 Thread 0x000000001ab78000 Exception <a 'java/lang/NoSuchMethodError': <clinit>> (0x00000000e001c9e8) thrown at [D:\src\AOSP-openjdk-cygwin\jdk8u\hotspot\src\share\vm\prims\jni.cpp, line 1614]
Event: 6.444 Thread 0x000000001ab78000 Exception <a 'java/lang/NoSuchMethodError': <clinit>> (0x00000000e00286c8) thrown at [D:\src\AOSP-openjdk-cygwin\jdk8u\hotspot\src\share\vm\prims\jni.cpp, line 1614]
Event: 6.445 Thread 0x000000001ab78000 Exception <a 'java/lang/NoSuchMethodError': <clinit>> (0x00000000e35d86a8) thrown at [D:\src\AOSP-openjdk-cygwin\jdk8u\hotspot\src\share\vm\prims\jni.cpp, line 1614]
Event: 6.462 Thread 0x000000001ab78000 Exception <a 'java/lang/NoSuchMethodError': <clinit>> (0x00000000e35e3098) thrown at [D:\src\AOSP-openjdk-cygwin\jdk8u\hotspot\src\share\vm\prims\jni.cpp, line 1614]
Event: 6.463 Thread 0x000000001ab78000 Exception <a 'java/lang/NoSuchMethodError': <clinit>> (0x00000000e35f46e8) thrown at [D:\src\AOSP-openjdk-cygwin\jdk8u\hotspot\src\share\vm\prims\jni.cpp, line 1614]
Event: 6.463 Thread 0x000000001ab78000 Exception <a 'java/lang/NoSuchMethodError': <clinit>> (0x00000000e35f6200) thrown at [D:\src\AOSP-openjdk-cygwin\jdk8u\hotspot\src\share\vm\prims\jni.cpp, line 1614]
Event: 6.546 Thread 0x000000001ab78000 Exception <a 'java/lang/NoSuchMethodError': <clinit>> (0x00000000e3836ec0) thrown at [D:\src\AOSP-openjdk-cygwin\jdk8u\hotspot\src\share\vm\prims\jni.cpp, line 1614]
Event: 6.767 Thread 0x000000001d7d9800 Exception <a 'java/lang/NoSuchMethodError': <clinit>> (0x00000000e67fe0c8) thrown at [D:\src\AOSP-openjdk-cygwin\jdk8u\hotspot\src\share\vm\prims\jni.cpp, line 1614]

Events (10 events):
Event: 7.987 loading class com/sun/tools/javac/util/MandatoryWarningHandler$DeferredDiagnosticKind
Event: 7.987 loading class com/sun/tools/javac/util/MandatoryWarningHandler$DeferredDiagnosticKind done
Event: 7.988 loading class com/sun/tools/javac/comp/Resolve$12$1
Event: 7.988 loading class com/sun/tools/javac/comp/Resolve$12$1 done
Event: 7.989 loading class com/sun/tools/javac/comp/Attr$5
Event: 7.989 loading class com/sun/tools/javac/comp/Attr$5 done
Event: 8.044 Executing VM operation: ForceSafepoint
Event: 8.044 Executing VM operation: ForceSafepoint done
Event: 8.139 Thread 0x000000001d7d9800 DEOPT PACKING pc=0x0000000002e722a8 sp=0x0000000024eda6c0
Event: 8.139 Thread 0x000000001d7d9800 DEOPT UNPACKING pc=0x0000000002c871d0 sp=0x0000000024eda510 mode 0


Dynamic libraries:
0x00007ff7ce7f0000 - 0x00007ff7ce821000 	C:\Program Files\Android\Android Studio\jre\bin\java.exe
0x00007ffe71c20000 - 0x00007ffe71e10000 	C:\WINDOWS\SYSTEM32\ntdll.dll
0x00007ffe71170000 - 0x00007ffe71222000 	C:\WINDOWS\System32\KERNEL32.DLL
0x00007ffe6f1f0000 - 0x00007ffe6f493000 	C:\WINDOWS\System32\KERNELBASE.dll
0x00007ffe71230000 - 0x00007ffe712d3000 	C:\WINDOWS\System32\ADVAPI32.dll
0x00007ffe71450000 - 0x00007ffe714ee000 	C:\WINDOWS\System32\msvcrt.dll
0x00007ffe70240000 - 0x00007ffe702d7000 	C:\WINDOWS\System32\sechost.dll
0x00007ffe71300000 - 0x00007ffe71420000 	C:\WINDOWS\System32\RPCRT4.dll
0x00007ffe719c0000 - 0x00007ffe71b54000 	C:\WINDOWS\System32\USER32.dll
0x00007ffe6eda0000 - 0x00007ffe6edc1000 	C:\WINDOWS\System32\win32u.dll
0x00007ffe71060000 - 0x00007ffe71086000 	C:\WINDOWS\System32\GDI32.dll
0x00007ffe6ef00000 - 0x00007ffe6f094000 	C:\WINDOWS\System32\gdi32full.dll
0x00007ffe6ed00000 - 0x00007ffe6ed9e000 	C:\WINDOWS\System32\msvcp_win.dll
0x00007ffe6ee00000 - 0x00007ffe6eefa000 	C:\WINDOWS\System32\ucrtbase.dll
0x00007ffe632b0000 - 0x00007ffe63535000 	C:\WINDOWS\WinSxS\amd64_microsoft.windows.common-controls_6595b64144ccf1df_6.0.18362.418_none_e6c6b287130d565d\COMCTL32.dll
0x00007ffe704a0000 - 0x00007ffe707d6000 	C:\WINDOWS\System32\combase.dll
0x00007ffe6f0c0000 - 0x00007ffe6f140000 	C:\WINDOWS\System32\bcryptPrimitives.dll
0x00007ffe71420000 - 0x00007ffe7144e000 	C:\WINDOWS\System32\IMM32.DLL
0x000000005a7f0000 - 0x000000005a8c2000 	C:\Program Files\Android\Android Studio\jre\jre\bin\msvcr100.dll
0x000000005e870000 - 0x000000005f0b6000 	C:\Program Files\Android\Android Studio\jre\jre\bin\server\jvm.dll
0x00007ffe6fe80000 - 0x00007ffe6fe88000 	C:\WINDOWS\System32\PSAPI.DLL
0x00007ffe63160000 - 0x00007ffe63169000 	C:\WINDOWS\SYSTEM32\WSOCK32.dll
0x00007ffe6ca60000 - 0x00007ffe6ca84000 	C:\WINDOWS\SYSTEM32\WINMM.dll
0x00007ffe677a0000 - 0x00007ffe677aa000 	C:\WINDOWS\SYSTEM32\VERSION.dll
0x00007ffe70f80000 - 0x00007ffe70fef000 	C:\WINDOWS\System32\WS2_32.dll
0x00007ffe6c5e0000 - 0x00007ffe6c60d000 	C:\WINDOWS\SYSTEM32\WINMMBASE.dll
0x00007ffe6f4a0000 - 0x00007ffe6f4ea000 	C:\WINDOWS\System32\cfgmgr32.dll
0x00007ffe62ec0000 - 0x00007ffe62ecf000 	C:\Program Files\Android\Android Studio\jre\jre\bin\verify.dll
0x00007ffe5cbc0000 - 0x00007ffe5cbe9000 	C:\Program Files\Android\Android Studio\jre\jre\bin\java.dll
0x00007ffe5cc30000 - 0x00007ffe5cc46000 	C:\Program Files\Android\Android Studio\jre\jre\bin\zip.dll
0x00007ffe707e0000 - 0x00007ffe70ec5000 	C:\WINDOWS\System32\SHELL32.dll
0x00007ffe70ed0000 - 0x00007ffe70f79000 	C:\WINDOWS\System32\shcore.dll
0x00007ffe6f4f0000 - 0x00007ffe6fc6f000 	C:\WINDOWS\System32\windows.storage.dll
0x00007ffe6eb20000 - 0x00007ffe6eb3f000 	C:\WINDOWS\System32\profapi.dll
0x00007ffe6eb40000 - 0x00007ffe6eb8a000 	C:\WINDOWS\System32\powrprof.dll
0x00007ffe6eaf0000 - 0x00007ffe6eb00000 	C:\WINDOWS\System32\UMPDC.dll
0x00007ffe70080000 - 0x00007ffe700d2000 	C:\WINDOWS\System32\shlwapi.dll
0x00007ffe6eb00000 - 0x00007ffe6eb11000 	C:\WINDOWS\System32\kernel.appcore.dll
0x00007ffe6f0a0000 - 0x00007ffe6f0b7000 	C:\WINDOWS\System32\cryptsp.dll
0x00007ffe5cba0000 - 0x00007ffe5cbba000 	C:\Program Files\Android\Android Studio\jre\jre\bin\net.dll
0x00007ffe6e300000 - 0x00007ffe6e367000 	C:\WINDOWS\system32\mswsock.dll
0x00007ffe5b5b0000 - 0x00007ffe5b5c1000 	C:\Program Files\Android\Android Studio\jre\jre\bin\nio.dll
0x00007ffe5a470000 - 0x00007ffe5a496000 	C:\Users\Marcelo\.gradle\native\29\windows-amd64\native-platform.dll
0x00007ffe61350000 - 0x00007ffe6135d000 	C:\Program Files\Android\Android Studio\jre\jre\bin\management.dll
0x00007ffe6de70000 - 0x00007ffe6dea3000 	C:\WINDOWS\system32\rsaenh.dll
0x00007ffe6edd0000 - 0x00007ffe6edf6000 	C:\WINDOWS\System32\bcrypt.dll
0x00007ffe6ea10000 - 0x00007ffe6ea35000 	C:\WINDOWS\SYSTEM32\USERENV.dll
0x00007ffe6e4d0000 - 0x00007ffe6e4dc000 	C:\WINDOWS\SYSTEM32\CRYPTBASE.dll
0x00007ffe6e010000 - 0x00007ffe6e04a000 	C:\WINDOWS\SYSTEM32\IPHLPAPI.DLL
0x00007ffe70070000 - 0x00007ffe70078000 	C:\WINDOWS\System32\NSI.dll
0x00007ffe696d0000 - 0x00007ffe696e6000 	C:\WINDOWS\SYSTEM32\dhcpcsvc6.DLL
0x00007ffe696b0000 - 0x00007ffe696cc000 	C:\WINDOWS\SYSTEM32\dhcpcsvc.DLL
0x00007ffe6e050000 - 0x00007ffe6e11a000 	C:\WINDOWS\SYSTEM32\DNSAPI.dll

VM Arguments:
jvm_args: -Xmx1536m -Dfile.encoding=windows-1252 -Duser.country=US -Duser.language=en -Duser.variant 
java_command: org.gradle.launcher.daemon.bootstrap.GradleDaemon 5.4.1
java_class_path (initial): C:\Users\Marcelo\.gradle\wrapper\dists\gradle-5.4.1-all\3221gyojl5jsh0helicew7rwx\gradle-5.4.1\lib\gradle-launcher-5.4.1.jar
Launcher Type: SUN_STANDARD

Environment Variables:
JAVA_HOME=C:\Program Files\Java\jdk1.8.0_221
CLASSPATH=.;
PATH=C:\Python27\;C:\Python27\Scripts;C:\Program Files (x86)\Common Files\Oracle\Java\javapath;C:\WINDOWS\system32;C:\WINDOWS;C:\WINDOWS\System32\Wbem;C:\WINDOWS\System32\WindowsPowerShell\v1.0\;C:\WINDOWS\System32\OpenSSH\;C:\Program Files\PuTTY\;C:\Program Files\Common Files\Autodesk Shared\;C:\Program Files\Git\cmd;C:\ProgramData\chocolatey\bin;C:\Program Files\nodejs\;C:\Program Files\Java\jdk1.8.0_221\bin;C:\Program Files (x86)\Yarn\bin\;C:\Users\Marcelo\AppData\Local\Microsoft\WindowsApps;C:\Users\Marcelo\AppData\Local\Programs\Microsoft VS Code\bin;C:\Users\Marcelo\AppData\Roaming\npm;C:\Users\Marcelo\AppData\Local\Android\Sdk\platform-tools;C:\Users\Marcelo\AppData\Local\Yarn\bin
USERNAME=Marcelo
OS=Windows_NT
PROCESSOR_IDENTIFIER=AMD64 Family 23 Model 17 Stepping 0, AuthenticAMD



---------------  S Y S T E M  ---------------

OS: Windows 10.0 , 64 bit Build 18362 (10.0.18362.329)

CPU:total 8 (initial active 8) (8 cores per cpu, 1 threads per core) family 23 model 17 stepping 0, cmov, cx8, fxsr, mmx, sse, sse2, sse3, ssse3, sse4.1, sse4.2, popcnt, avx, avx2, aes, clmul, mmxext, 3dnowpref, lzcnt, sse4a, tsc, tscinvbit, tscinv, bmi1

Memory: 4k page, physical 16723388k(7572788k free), swap 67055036k(5584k free)

vm_info: OpenJDK 64-Bit Server VM (25.202-b03) for windows-amd64 JRE (1.8.0_202-release-1483-b03), built by "builder" with MS VC++ 10.0 (VS2010)

time: Tue Nov 12 10:58:35 2019
timezone: Eastern Standard Time
elapsed time: 8 seconds (0d 0h 0m 8s)

